<?xml version="1.0" encoding="UTF-8"?>
<testsuite name="CrossFitStuffShopTest" tests="2" skipped="0" failures="0" errors="0" timestamp="2019-08-05T07:46:11" hostname="ODS1-LHP-F31392" time="271.568">
  <properties/>
  <testcase name="testCrossFitStuffShopTest" classname="CrossFitStuffShopTest" time="31.538"/>
  <testcase name="testCrossFitStuffShopTest" classname="CrossFitStuffShopTest" time="31.521"/>
  <system-out><![CDATA[10:46:23.528 [Test worker] INFO   - User opens site
10:46:24.662 [Test worker] INFO   - User clicks to 'Accept' button
10:46:27.874 [Test worker] INFO   - CrossFit Stuff Page is opened
10:46:29.122 [Test worker] INFO   - Select UK and Other countries shop
10:46:33.009 [Test worker] INFO   - Close Discount Offer if it is displayed
10:46:34.972 [Test worker] INFO   - Open Men Shop Page
10:46:35.484 [Test worker] INFO   - Footwear Checkbox is Checked
10:46:36.199 [Test worker] INFO   - Amount of footwear is verified
10:46:38.056 [Test worker] INFO   - Nano 8 Flexweave is opened
10:46:38.455 [Test worker] INFO   - Product is added to cart
10:46:41.065 [Test worker] INFO   - Shopping Cart Page is opened from Your Cart pop-up
10:46:41.404 [Test worker] INFO   - All added products are removed
10:46:42.005 [Test worker] INFO   - Cart is empty
10:46:43.388 [Test worker] INFO   - User closes site
10:50:23.654 [Test worker] INFO   - User opens site
10:50:24.733 [Test worker] INFO   - User clicks to 'Accept' button
10:50:27.983 [Test worker] INFO   - CrossFit Stuff Page is opened
10:50:28.300 [Test worker] INFO   - Select UK and Other countries shop
10:50:33.410 [Test worker] INFO   - Close Discount Offer if it is displayed
10:50:35.293 [Test worker] INFO   - Open Men Shop Page
10:50:35.862 [Test worker] INFO   - Footwear Checkbox is Checked
10:50:36.532 [Test worker] INFO   - Amount of footwear is verified
10:50:38.333 [Test worker] INFO   - Nano 8 Flexweave is opened
10:50:39.012 [Test worker] INFO   - Product is added to cart
10:50:41.116 [Test worker] INFO   - Shopping Cart Page is opened from Your Cart pop-up
10:50:41.627 [Test worker] INFO   - All added products are removed
10:50:42.229 [Test worker] INFO   - Cart is empty
10:50:43.518 [Test worker] INFO   - User closes site
]]></system-out>
  <system-err><![CDATA[SLF4J: Failed to load class "org.slf4j.impl.StaticLoggerBinder".
SLF4J: Defaulting to no-operation (NOP) logger implementation
SLF4J: See http://www.slf4j.org/codes.html#StaticLoggerBinder for further details.
Starting ChromeDriver 2.46.628402 (536cd7adbad73a3783fdc2cab92ab2ba7ec361e1) on port 24762
Only local connections are allowed.
Please protect ports used by ChromeDriver and related test frameworks to prevent access by malicious code.
Aug 05, 2019 10:46:10 AM org.openqa.selenium.remote.ProtocolHandshake createSession
INFO: Detected dialect: OSS
]]></system-err>
</testsuite>
