<?xml version="1.0" encoding="UTF-8"?>
<testsuite name="OpenSiteTest" tests="2" skipped="0" failures="0" errors="0" timestamp="2019-08-05T07:48:00" hostname="ODS1-LHP-F31392" time="31.792">
  <properties/>
  <testcase name="testOpenSiteTest" classname="OpenSiteTest" time="13.303"/>
  <testcase name="testOpenSiteTest" classname="OpenSiteTest" time="12.674"/>
  <system-out><![CDATA[10:48:10.246 [Test worker] INFO   - User opens site
10:48:12.291 [Test worker] INFO   - Login page is opened
10:48:13.650 [Test worker] INFO   - User closes site
10:48:28.848 [Test worker] INFO   - User opens site
10:48:30.706 [Test worker] INFO   - Login page is opened
10:48:32.134 [Test worker] INFO   - User closes site
]]></system-out>
  <system-err><![CDATA[Starting ChromeDriver 2.46.628402 (536cd7adbad73a3783fdc2cab92ab2ba7ec361e1) on port 15744
Only local connections are allowed.
Please protect ports used by ChromeDriver and related test frameworks to prevent access by malicious code.
Aug 05, 2019 10:47:58 AM org.openqa.selenium.remote.ProtocolHandshake createSession
INFO: Detected dialect: OSS
]]></system-err>
</testsuite>
